"FreeRTOS Task Aware Debugger for GDB" version 11.0.0 (201905201323)
(c) 2016-2018 NXP Semiconductors, Inc.
==================================
13:00:07.549 INFO: [TadModel] DSF session ID 40 has started.
13:00:11.763 INFO: [TadState] TAD state changed:  DEBUG_STARTED -> DEBUG_INIT_0 (SUSPENDED, USER_REQUEST)
13:00:13.627 INFO: [TadState] TAD state changed:  DEBUG_INIT_0 -> DEBUG_INIT_1 (RESUMED, USER_REQUEST)
13:00:13.778 INFO: [TadState] TAD state changed:  DEBUG_INIT_1 -> DEBUG_SUSPENDED (SUSPENDED, BREAKPOINT)
13:00:19.379 INFO: [TadState] TAD state changed:  DEBUG_SUSPENDED -> DEBUG_RESUMED (RESUMED, USER_REQUEST)
13:07:08.643 INFO: [TadState] TAD state changed:  DEBUG_RESUMED -> READY (SUSPENDED, SIGNAL)
13:07:08.858 INFO: [Benchmark] Loading data for "Determine FreeRTOS version" has started.
13:07:08.882 INFO: [TadModel] Heap type (memory allocation scheme) has been identified from FreeRTOSDebugConfig structure as Heap #3. 
13:07:08.882 INFO: [TadModel] FreeRTOS version has been identified from FreeRTOSDebugConfig structure as 10.2.0.
13:07:08.882 INFO: [Benchmark] Loading data for "Determine FreeRTOS version" took 24 ms.
13:07:08.882 INFO: [Benchmark] Loading data for "Task List" has started.
13:07:09.952 ERROR: [TadFactory] Reading exception during: "readAddressOfVariableSafely(xQueueRegistry)"
13:07:10.44 ERROR: [VariableReader] Could not read variable expression: "&(xQueueRegistry)".
13:07:10.58 ERROR: [VariableReader] Could not read variable expression: "sizeof(pxReadyTasksLists)".
13:07:10.59 ERROR: [TaskFactory] Could not get size of "pxReadyTasksLists"!
13:07:10.59 ERROR: [TaskFactory] Cannot display tasks from ready task list!
13:07:10.88 ERROR: [VariableReader] Could not read variable expression: "pxCurrentTCB".
13:07:10.88 ERROR: [TadFactory] Reading exception during: "readLongVariableSafely(pxCurrentTCB)"
13:07:10.114 ERROR: [VariableReader] Could not read variable expression: "ulTotalRunTime".
13:07:10.115 ERROR: [TaskFactory] ulTotalRunTime not available
13:07:10.140 ERROR: [VariableReader] Could not read variable expression: "pxDelayedTaskList.uxNumberOfItems".
13:07:10.140 ERROR: [TaskFactory] Cannot read information from "pxDelayedTaskList".
13:07:10.168 ERROR: [VariableReader] Could not read variable expression: "pxOverflowDelayedTaskList.uxNumberOfItems".
13:07:10.168 ERROR: [TaskFactory] Cannot read information from "pxOverflowDelayedTaskList".
13:07:10.193 ERROR: [VariableReader] Could not read variable expression: "xPendingReadyList.uxNumberOfItems".
13:07:10.194 ERROR: [TaskFactory] Cannot read information from "xPendingReadyList".
13:07:10.219 ERROR: [VariableReader] Could not read variable expression: "xSuspendedTaskList.uxNumberOfItems".
13:07:10.220 ERROR: [TaskFactory] Cannot read information from "xSuspendedTaskList".
13:07:10.220 INFO: [Benchmark] Loading data for "Task List" took 1338 ms.
13:07:10.353 INFO: [TadModel] DSF session ID 40 has ended.
