"FreeRTOS Task Aware Debugger for GDB" version 11.0.0 (201905201323)
(c) 2016-2018 NXP Semiconductors, Inc.
==================================
11:08:13.567 INFO: [TadModel] DSF session ID 34 has started.
11:08:20.18 INFO: [TadState] TAD state changed:  DEBUG_STARTED -> DEBUG_INIT_0 (SUSPENDED, USER_REQUEST)
11:08:21.422 INFO: [TadState] TAD state changed:  DEBUG_INIT_0 -> DEBUG_INIT_1 (RESUMED, USER_REQUEST)
11:08:21.518 INFO: [TadState] TAD state changed:  DEBUG_INIT_1 -> DEBUG_SUSPENDED (SUSPENDED, BREAKPOINT)
11:08:23.471 INFO: [TadState] TAD state changed:  DEBUG_SUSPENDED -> DEBUG_RESUMED (RESUMED, USER_REQUEST)
11:11:43.83 INFO: [TadState] TAD state changed:  DEBUG_RESUMED -> READY (SUSPENDED, SIGNAL)
11:11:43.214 INFO: [Benchmark] Loading data for "Determine FreeRTOS version" has started.
11:11:43.246 INFO: [TadModel] Heap type (memory allocation scheme) has been identified from FreeRTOSDebugConfig structure as Heap #3. 
11:11:43.246 INFO: [TadModel] FreeRTOS version has been identified from FreeRTOSDebugConfig structure as 10.2.0.
11:11:43.246 INFO: [Benchmark] Loading data for "Determine FreeRTOS version" took 32 ms.
11:11:43.246 INFO: [Benchmark] Loading data for "Task List" has started.
11:11:43.363 ERROR: [VariableReader] Could not read variable expression: "ulTotalRunTime".
11:11:43.363 ERROR: [TaskFactory] ulTotalRunTime not available
11:11:44.430 ERROR: [TaskFactory] Cannot read information from "pxReadyTasksLists[0]".
11:11:44.478 ERROR: [VariableReader] Could not read variable expression: "&(((struct tskTaskControlBlock *) 0)->pcTaskName)".
11:11:44.482 ERROR: [VariableReader] Could not read variable expression: "pxReadyTasksLists[1].uxNumberOfItems".
11:11:44.483 ERROR: [TaskFactory] Cannot read information from "pxReadyTasksLists[1]".
11:11:44.490 ERROR: [VariableReader] Could not read variable expression: "pxReadyTasksLists[2].uxNumberOfItems".
11:11:44.490 ERROR: [TaskFactory] Cannot read information from "pxReadyTasksLists[2]".
11:11:44.495 ERROR: [VariableReader] Could not read variable expression: "pxReadyTasksLists[3].uxNumberOfItems".
11:11:44.496 ERROR: [TaskFactory] Cannot read information from "pxReadyTasksLists[3]".
11:11:44.501 ERROR: [VariableReader] Could not read variable expression: "pxReadyTasksLists[4].uxNumberOfItems".
11:11:44.501 ERROR: [TaskFactory] Cannot read information from "pxReadyTasksLists[4]".
11:11:44.509 ERROR: [VariableReader] Could not read variable expression: "pxReadyTasksLists[5].uxNumberOfItems".
11:11:44.509 ERROR: [TaskFactory] Cannot read information from "pxReadyTasksLists[5]".
11:11:44.516 ERROR: [VariableReader] Could not read variable expression: "pxReadyTasksLists[6].uxNumberOfItems".
11:11:44.516 ERROR: [TaskFactory] Cannot read information from "pxReadyTasksLists[6]".
11:11:44.522 ERROR: [VariableReader] Could not read variable expression: "pxReadyTasksLists[7].uxNumberOfItems".
11:11:44.522 ERROR: [TaskFactory] Cannot read information from "pxReadyTasksLists[7]".
11:11:44.528 ERROR: [VariableReader] Could not read variable expression: "xSuspendedTaskList.uxNumberOfItems".
11:11:44.529 ERROR: [TaskFactory] Cannot read information from "xSuspendedTaskList".
11:11:44.535 ERROR: [VariableReader] Could not read variable expression: "xPendingReadyList.uxNumberOfItems".
11:11:44.535 ERROR: [TaskFactory] Cannot read information from "xPendingReadyList".
11:11:44.541 ERROR: [VariableReader] Could not read variable expression: "pxDelayedTaskList.uxNumberOfItems".
11:11:44.541 ERROR: [TaskFactory] Cannot read information from "pxDelayedTaskList".
11:11:44.547 ERROR: [VariableReader] Could not read variable expression: "pxOverflowDelayedTaskList.uxNumberOfItems".
11:11:44.547 ERROR: [TaskFactory] Cannot read information from "pxOverflowDelayedTaskList".
11:11:44.547 INFO: [Benchmark] Loading data for "Task List" took 1301 ms.
11:11:44.550 INFO: [TadModel] DSF session ID 34 has ended.
